01/31/2017 04:28:49 PM:INFO: Adding Ncclimo job to the job list with config: {'yearset': 1, 'start_year': 1, 'ncclimo_path': u'/export/zender1/bin', 'climo_output_directory': u'/space2/kendra/output', 'end_year': 2, 'input_directory': '/export/kuivenhoven1/projects/acme_workflow/tmp/climo/year_set_1', 'annual_mode': 'sdd', 'caseId': u'20161117.beta0.A_WCYCL1850S.ne30_oEC_ICG.edison', 'regrid_output_directory': u'/space2/kendra/output/regrid', 'regrid_map_path': u'/export/kuivenhoven1/projects/acme_workflow/resources/map_ne30np4_to_fv129x256_aave.20150901.nc'}
01/31/2017 04:28:49 PM:INFO: Adding Diagnostic job to the job list with config: {'yearset': 1, '--package': 'amwg', 'depends_on': [0], '--obs': u'', '--set': '5', '--outputdir': u'/space2/kendra/output/diagnostics/year_set_1', '--archive': 'False', '--model': '/export/kuivenhoven1/projects/acme_workflow/tmp/diag/year_set_1'}
01/31/2017 04:28:49 PM:INFO: Adding Upload job to the job list with config: {'username': u'', 'depends_on': [1], 'password': u'', 'path_to_diagnostic': u'/space2/kendra/output/diagnostics/year_set_1/amwg', 'server': u''}
01/31/2017 04:28:49 PM:INFO: year_set: 1 status: data ready
01/31/2017 04:28:49 PM:INFO:     job type: climo, job_status: valid, job_id: 0
01/31/2017 04:28:49 PM:INFO: Starting climo job with job_id 463
01/31/2017 04:28:49 PM:INFO: Starting Ncclimo for year set 1
01/31/2017 04:28:49 PM:INFO: Setting climo job with job_id 463 to status PENDING
01/31/2017 04:28:59 PM:INFO: Setting climo job with job_id 463 to status RUNNING
01/31/2017 04:28:59 PM:INFO: year_set: 1 status: RUNNING
01/31/2017 04:28:59 PM:INFO:     job type: climo, job_status: RUNNING, job_id: 463
01/31/2017 04:28:59 PM:INFO:     job type: diagnostic, job_status: valid, job_id: 0
01/31/2017 04:28:59 PM:INFO:     job type: upload_diagnostic_output, job_status: valid, job_id: 0
01/31/2017 04:29:09 PM:INFO: year_set: 1 status: RUNNING
01/31/2017 04:29:09 PM:INFO:     job type: climo, job_status: RUNNING, job_id: 463
01/31/2017 04:29:09 PM:INFO:     job type: diagnostic, job_status: valid, job_id: 0
01/31/2017 04:29:09 PM:INFO:     job type: upload_diagnostic_output, job_status: valid, job_id: 0
01/31/2017 04:29:19 PM:INFO: year_set: 1 status: RUNNING
01/31/2017 04:29:19 PM:INFO:     job type: climo, job_status: RUNNING, job_id: 463
01/31/2017 04:29:19 PM:INFO:     job type: diagnostic, job_status: valid, job_id: 0
01/31/2017 04:29:19 PM:INFO:     job type: upload_diagnostic_output, job_status: valid, job_id: 0
01/31/2017 04:29:29 PM:INFO: Error communication with SLURM controller, attempt number 0
01/31/2017 04:29:29 PM:INFO: year_set: 1 status: RUNNING
01/31/2017 04:29:29 PM:INFO:     job type: climo, job_status: RUNNING, job_id: 463
01/31/2017 04:29:29 PM:INFO:     job type: diagnostic, job_status: valid, job_id: 0
01/31/2017 04:29:29 PM:INFO:     job type: upload_diagnostic_output, job_status: valid, job_id: 0
01/31/2017 04:29:34 PM:INFO: Error communication with SLURM controller, attempt number 1
01/31/2017 04:29:39 PM:INFO: year_set: 1 status: RUNNING
01/31/2017 04:29:39 PM:INFO:     job type: climo, job_status: RUNNING, job_id: 463
01/31/2017 04:29:39 PM:INFO:     job type: diagnostic, job_status: valid, job_id: 0
01/31/2017 04:29:39 PM:INFO:     job type: upload_diagnostic_output, job_status: valid, job_id: 0
01/31/2017 04:29:50 PM:INFO: year_set: 1 status: RUNNING
01/31/2017 04:29:50 PM:INFO:     job type: climo, job_status: RUNNING, job_id: 463
01/31/2017 04:29:50 PM:INFO:     job type: diagnostic, job_status: valid, job_id: 0
01/31/2017 04:29:50 PM:INFO:     job type: upload_diagnostic_output, job_status: valid, job_id: 0
01/31/2017 04:30:00 PM:INFO: year_set: 1 status: RUNNING
01/31/2017 04:30:00 PM:INFO:     job type: climo, job_status: RUNNING, job_id: 463
01/31/2017 04:30:00 PM:INFO:     job type: diagnostic, job_status: valid, job_id: 0
01/31/2017 04:30:00 PM:INFO:     job type: upload_diagnostic_output, job_status: valid, job_id: 0
